[11:51:45] [ServerMain/INFO]: Building unoptimized datafixer
[11:51:47] [ServerMain/INFO]: Environment: authHost='https://authserver.mojang.com', accountsHost='https://api.mojang.com', sessionHost='https://sessionserver.mojang.com', servicesHost='https://api.minecraftservices.com', name='PROD'
[11:51:49] [ServerMain/INFO]: Loaded 7 recipes
[11:51:52] [Server thread/INFO]: Starting minecraft server version 1.19.2
[11:51:52] [Server thread/INFO]: Loading properties
[11:51:52] [Server thread/INFO]: This server is running Paper version git-Paper-131 (MC: 1.19.2) (Implementing API version 1.19.2-R0.1-SNAPSHOT) (Git: 2da891f)
[11:51:52] [Server thread/INFO]: Server Ping Player Sample Count: 12
[11:51:52] [Server thread/INFO]: Using 4 threads for Netty based IO
[11:51:53] [Server thread/INFO]: Default game type: SURVIVAL
[11:51:53] [Server thread/INFO]: Generating keypair
[11:51:53] [Server thread/INFO]: Starting Minecraft server on *:25565
[11:51:53] [Server thread/INFO]: Using default channel type
[11:51:53] [Server thread/INFO]: Paper: Using Java 11 compression from Velocity.
[11:51:53] [Server thread/INFO]: Paper: Using Java cipher from Velocity.
[11:51:55] [Server thread/INFO]: [PlaceholderAPI] Loading PlaceholderAPI v2.11.2
[11:51:55] [Server thread/INFO]: [NoEncryption] Loading NoEncryption v4.2
[11:51:55] [Server thread/INFO]: [ViaVersion] Loading ViaVersion v4.4.1
[11:51:55] [Server thread/INFO]: [ViaVersion] ViaVersion 4.4.1 is now loaded, injecting!
[11:51:56] [Via-Mappingloader-0/INFO]: [ViaVersion] Loading 1.12 -> 1.13 mappings...
[11:51:56] [Via-Mappingloader-1/INFO]: [ViaVersion] Loading 1.13 -> 1.13.2 mappings...
[11:51:56] [Via-Mappingloader-2/INFO]: [ViaVersion] Loading 1.13.2 -> 1.14 mappings...
[11:51:56] [Via-Mappingloader-3/INFO]: [ViaVersion] Loading 1.14 -> 1.15 mappings...
[11:51:56] [Via-Mappingloader-0/INFO]: [ViaVersion] Loading block connection mappings ...
[11:51:56] [Via-Mappingloader-4/INFO]: [ViaVersion] Loading 1.15 -> 1.16 mappings...
[11:51:56] [Via-Mappingloader-1/INFO]: [ViaVersion] Loading 1.16 -> 1.16.2 mappings...
[11:51:56] [Via-Mappingloader-3/INFO]: [ViaVersion] Loading 1.16.2 -> 1.17 mappings...
[11:51:56] [Via-Mappingloader-4/INFO]: [ViaVersion] Loading 1.17 -> 1.18 mappings...
[11:51:56] [Via-Mappingloader-3/INFO]: [ViaVersion] Loading 1.18 -> 1.19 mappings...
[11:51:56] [Server thread/INFO]: [floodgate] Loading floodgate v2.2.0-SNAPSHOT (b70-6e2c19f)
[11:51:57] [Server thread/INFO]: [floodgate] 耗時 989 ms 來啟動 Floodgate
[11:51:57] [Server thread/INFO]: [Vault] Loading Vault v1.7.3-b131
[11:51:57] [Server thread/INFO]: [ViaBackwards] Loading ViaBackwards v4.4.1
[11:51:57] [Server thread/INFO]: [ViaBackwards] Loading translations...
[11:51:57] [Via-Mappingloader-0/INFO]: [ViaBackwards] Loading 1.10 -> 1.9.4 mappings...
[11:51:57] [Via-Mappingloader-0/INFO]: [ViaBackwards] Loading 1.11 -> 1.10 mappings...
[11:51:57] [Via-Mappingloader-0/INFO]: [ViaBackwards] Loading 1.12 -> 1.11 mappings...
[11:51:58] [Via-Mappingloader-0/INFO]: [ViaBackwards] Loading 1.13 -> 1.12 mappings...
[11:51:58] [Via-Mappingloader-4/INFO]: [ViaBackwards] Loading 1.13.2 -> 1.13 mappings...
[11:51:58] [Via-Mappingloader-4/INFO]: [ViaBackwards] Loading 1.14 -> 1.13.2 mappings...
[11:51:58] [Via-Mappingloader-3/INFO]: [ViaBackwards] Loading 1.15 -> 1.14 mappings...
[11:51:58] [Via-Mappingloader-3/INFO]: [ViaBackwards] Loading 1.16 -> 1.15 mappings...
[11:51:58] [Via-Mappingloader-0/INFO]: [ViaBackwards] Loading 1.16.2 -> 1.16 mappings...
[11:51:58] [Via-Mappingloader-3/INFO]: [ViaBackwards] Loading 1.17 -> 1.16.2 mappings...
[11:51:58] [Via-Mappingloader-3/INFO]: [ViaBackwards] Loading 1.18 -> 1.17 mappings...
[11:51:58] [Via-Mappingloader-3/INFO]: [ViaBackwards] Loading 1.19 -> 1.18 mappings...
[11:51:58] [Server thread/INFO]: [ProtocolLib] Loading ProtocolLib v5.0.0-SNAPSHOT-b598
[11:51:58] [Server thread/WARN]: [ProtocolLib] Version (MC: 1.19.2) has not yet been tested! Proceed with caution.
[11:52:00] [Server thread/INFO]: [ViaRewind] Loading ViaRewind v2.0.2
[11:52:00] [Server thread/INFO]: [SkinsRestorer] Loading SkinsRestorer v14.2.8
[11:52:00] [Server thread/INFO]: [WorldEdit] Loading WorldEdit v7.2.12+6240-87f4ae1
[11:52:01] [Server thread/INFO]: Got request to register class com.sk89q.worldedit.bukkit.BukkitServerInterface with WorldEdit [com.sk89q.worldedit.extension.platform.PlatformManager@7890aa0e]
[11:52:01] [Server thread/INFO]: [DiscordSRV] Loading DiscordSRV v1.26.0-SNAPSHOT
[11:52:01] [Server thread/INFO]: [InteractiveChat] Loading InteractiveChat v4.2.3.0
[11:52:01] [Server thread/INFO]: [Geyser-Spigot] Loading Geyser-Spigot v2.0.6-SNAPSHOT
[11:52:01] [Server thread/INFO]: [InteractiveChatDiscordSRVAddon] Loading InteractiveChatDiscordSrvAddon v4.2.3.0
[11:52:01] [Server thread/INFO]: Server permissions file permissions.yml is empty, ignoring it
[11:52:01] [Server thread/INFO]: [Vault] Enabling Vault v1.7.3-b131
[11:52:01] [Server thread/INFO]: [Vault] [Permission] SuperPermissions loaded as backup permission system.
[11:52:01] [Server thread/INFO]: [Vault] Enabled Version 1.7.3-b131
[11:52:01] [Server thread/INFO]: [ProtocolLib] Enabling ProtocolLib v5.0.0-SNAPSHOT-b598
[11:52:02] [Server thread/INFO]: [ViaRewind] Enabling ViaRewind v2.0.2
[11:52:02] [Server thread/ERROR]: Error occurred while enabling ViaRewind v2.0.2 (Is it up to date?)
org.yaml.snakeyaml.reader.ReaderException: special characters are not allowed
	at org.yaml.snakeyaml.reader.StreamReader.update(StreamReader.java:211) ~[snakeyaml-1.30.jar:?]
	at org.yaml.snakeyaml.reader.StreamReader.ensureEnoughData(StreamReader.java:176) ~[snakeyaml-1.30.jar:?]
	at org.yaml.snakeyaml.reader.StreamReader.ensureEnoughData(StreamReader.java:171) ~[snakeyaml-1.30.jar:?]
	at org.yaml.snakeyaml.reader.StreamReader.peek(StreamReader.java:126) ~[snakeyaml-1.30.jar:?]
	at org.yaml.snakeyaml.scanner.ScannerImpl.scanToNextToken(ScannerImpl.java:1218) ~[snakeyaml-1.30.jar:?]
	at org.yaml.snakeyaml.scanner.ScannerImpl.fetchMoreTokens(ScannerImpl.java:329) ~[snakeyaml-1.30.jar:?]
	at org.yaml.snakeyaml.scanner.ScannerImpl.checkToken(ScannerImpl.java:251) ~[snakeyaml-1.30.jar:?]
	at org.yaml.snakeyaml.parser.ParserImpl$ParseImplicitDocumentStart.produce(ParserImpl.java:214) ~[snakeyaml-1.30.jar:?]
	at org.yaml.snakeyaml.parser.ParserImpl.peekEvent(ParserImpl.java:166) ~[snakeyaml-1.30.jar:?]
	at org.yaml.snakeyaml.parser.ParserImpl.checkEvent(ParserImpl.java:156) ~[snakeyaml-1.30.jar:?]
	at org.yaml.snakeyaml.composer.Composer.getSingleNode(Composer.java:141) ~[snakeyaml-1.30.jar:?]
	at org.yaml.snakeyaml.constructor.BaseConstructor.getSingleData(BaseConstructor.java:151) ~[snakeyaml-1.30.jar:?]
	at org.yaml.snakeyaml.Yaml.loadFromReader(Yaml.java:491) ~[snakeyaml-1.30.jar:?]
	at org.yaml.snakeyaml.Yaml.load(Yaml.java:429) ~[snakeyaml-1.30.jar:?]
	at com.viaversion.viaversion.util.Config.loadConfig(Config.java:82) ~[ViaVersion-4.4.1.jar:?]
	at com.viaversion.viaversion.util.Config.reloadConfig(Config.java:143) ~[ViaVersion-4.4.1.jar:?]
	at de.gerrygames.viarewind.api.ViaRewindConfigImpl.<init>(ViaRewindConfigImpl.java:14) ~[ViaRewind-2.0.2.jar:?]
	at de.gerrygames.viarewind.BukkitPlugin.onEnable(BukkitPlugin.java:12) ~[ViaRewind-2.0.2.jar:?]
	at org.bukkit.plugin.java.JavaPlugin.setEnabled(JavaPlugin.java:264) ~[paper-api-1.19.2-R0.1-SNAPSHOT.jar:?]
	at org.bukkit.plugin.java.JavaPluginLoader.enablePlugin(JavaPluginLoader.java:370) ~[paper-api-1.19.2-R0.1-SNAPSHOT.jar:?]
	at org.bukkit.plugin.SimplePluginManager.enablePlugin(SimplePluginManager.java:542) ~[paper-api-1.19.2-R0.1-SNAPSHOT.jar:?]
	at org.bukkit.craftbukkit.v1_19_R1.CraftServer.enablePlugin(CraftServer.java:565) ~[paper-1.19.2.jar:git-Paper-131]
	at org.bukkit.craftbukkit.v1_19_R1.CraftServer.enablePlugins(CraftServer.java:479) ~[paper-1.19.2.jar:git-Paper-131]
	at net.minecraft.server.dedicated.DedicatedServer.initServer(DedicatedServer.java:279) ~[paper-1.19.2.jar:git-Paper-131]
	at net.minecraft.server.MinecraftServer.runServer(MinecraftServer.java:1125) ~[paper-1.19.2.jar:git-Paper-131]
	at net.minecraft.server.MinecraftServer.lambda$spin$0(MinecraftServer.java:305) ~[paper-1.19.2.jar:git-Paper-131]
	at java.lang.Thread.run(Thread.java:833) ~[?:?]
[11:52:02] [Server thread/INFO]: [ViaRewind] Disabling ViaRewind v2.0.2
[11:52:02] [Server thread/INFO]: [WorldEdit] Enabling WorldEdit v7.2.12+6240-87f4ae1
[11:52:02] [Server thread/INFO]: Registering commands with com.sk89q.worldedit.bukkit.BukkitServerInterface
[11:52:02] [Server thread/INFO]: WEPIF: Vault detected! Using Vault for permissions
[11:52:02] [Server thread/INFO]: Using com.sk89q.worldedit.bukkit.adapter.impl.v1_19_R1.PaperweightAdapter as the Bukkit adapter
[11:52:04] [Server thread/WARN]: **** SERVER IS RUNNING IN OFFLINE/INSECURE MODE!
[11:52:04] [Server thread/WARN]: The server will make no attempt to authenticate usernames. Beware.
[11:52:04] [Server thread/WARN]: While this makes the game possible to play without internet access, it also opens up the ability for hackers to connect with any username they choose.
[11:52:04] [Server thread/WARN]: To change this, set "online-mode" to "true" in the server.properties file.
[11:52:04] [Server thread/INFO]: Preparing level "world"
[11:52:06] [Server thread/INFO]: Preparing start region for dimension minecraft:overworld
[11:52:06] [Server thread/INFO]: Time elapsed: 453 ms
[11:52:06] [Server thread/INFO]: Preparing start region for dimension minecraft:the_nether
[11:52:06] [Server thread/INFO]: Time elapsed: 137 ms
[11:52:06] [Server thread/INFO]: Preparing start region for dimension minecraft:the_end
[11:52:06] [Server thread/INFO]: Time elapsed: 129 ms
[11:52:06] [Server thread/INFO]: [PlaceholderAPI] Enabling PlaceholderAPI v2.11.2
[11:52:06] [Server thread/WARN]: [PlaceholderAPI] Loaded class com.viaversion.viaversion.api.type.Type from ViaVersion v4.4.1 which is not a depend or softdepend of this plugin.
[11:52:07] [Server thread/INFO]: [PlaceholderAPI] Fetching available expansion information...
[11:52:07] [Server thread/INFO]: [NoEncryption] Enabling NoEncryption v4.2
[11:52:07] [Server thread/INFO]: [NoEncryption] Your server is running version 1.19.2-R0.1-SNAPSHOT.
[11:52:07] [Server thread/INFO]: [NoEncryption] Compatibility successful!
[11:52:07] [Server thread/INFO]: [NoEncryption] If you used /reload to update NoEncryption, your players need to disconnect and join back.
[11:52:07] [Server thread/INFO]: [ViaVersion] Enabling ViaVersion v4.4.1
[11:52:07] [Server thread/INFO]: [floodgate] Enabling floodgate v2.2.0-SNAPSHOT (b70-6e2c19f)
[11:52:08] [Server thread/INFO]: [ViaBackwards] Enabling ViaBackwards v4.4.1
[11:52:08] [Server thread/INFO]: [SkinsRestorer] Enabling SkinsRestorer v14.2.8
[11:52:09] [Server thread/INFO]: [33;1m[[32;22mSkinsRestorer[33;1m] [0;39m[32;1mDetected Minecraft [33;1mv1_19_R1[32;1m, using [33;1mMappingSpigotSkinRefresher[32;1m.[0;39m
[11:52:09] [Server thread/INFO]: [SkinsRestorer] [ACF] Enabled Asynchronous Tab Completion Support!
[11:52:10] [Server thread/INFO]: [33;1m[[32;22mSkinsRestorer[33;1m] [0;39mUsing paper join listener![0;39m
[11:52:10] [Server thread/INFO]: [DiscordSRV] Enabling DiscordSRV v1.26.0-SNAPSHOT
[11:52:10] [Server thread/INFO]: [InteractiveChat] Enabling InteractiveChat v4.2.3.0
[11:52:10] [Thread-9/WARN]: [floodgate] 
**********************************
* The prefix you entered in your Floodgate config (_) could lead to username conflicts!
* Should a Java player join with the username _Notch, and a Bedrock player join as Notch (who will be given the name _Notch), unwanted results will happen!
* We strongly recommend using . as the prefix, but other alternatives that will not conflict include: +, - and *
**********************************
[11:52:17] [Server thread/INFO]: [InteractiveChat] Opened Sqlite database successfully
[11:52:17] [Server thread/INFO]: [InteractiveChat] InteractiveChat has hooked into DiscordSRV!
[11:52:17] [Server thread/INFO]: [DiscordSRV] API listener com.loohp.interactivechat.hooks.discordsrv.DiscordSRVEvents 已訂閱 (2 種方案)
[11:52:17] [Server thread/INFO]: [InteractiveChat] InteractiveChat has hooked into ViaVersion!
[11:52:17] [Server thread/INFO]: [PlaceholderAPI] Successfully registered expansion: interactivechat [1.0.0]
[11:52:17] [Server thread/INFO]: [InteractiveChat] InteractiveChat has been Enabled!
[11:52:17] [Server thread/INFO]: [Geyser-Spigot] Enabling Geyser-Spigot v2.0.6-SNAPSHOT
[11:52:17] [DiscordSRV - Initialization/ERROR]: [DiscordSRV] No bot token has been set in the config; a bot token is required to connect to Discord.
[11:52:18] [Server thread/INFO]: [Geyser-Spigot] ******************************************
[11:52:18] [Server thread/INFO]: [Geyser-Spigot] 
[11:52:18] [Server thread/INFO]: [Geyser-Spigot] 正在載入 Geyser 版本 2.0.6-SNAPSHOT (git-master-6856922)
[11:52:18] [Server thread/INFO]: [Geyser-Spigot] 
[11:52:18] [Server thread/INFO]: [Geyser-Spigot] ******************************************
[11:52:20] [pool-25-thread-1/WARN]: [DiscordSRV] 

The current build of DiscordSRV is outdated by 84 commits! Get the latest build at your favorite distribution center.

Spigot: https://www.spigotmc.org/resources/discordsrv.18494/
Github: https://github.com/DiscordSRV/DiscordSRV/releases
Direct Download: https://get.discordsrv.com

[11:52:22] [Network Listener - #1/INFO]: [Geyser-Spigot] Geyser 在 0.0.0.0:25560 啟動
[11:52:22] [Server thread/INFO]: [Geyser-Spigot] 完成 (4.053s)！ 執行 /geyser help 來取得說明！
[11:52:22] [Server thread/INFO]: [InteractiveChatDiscordSRVAddon] Enabling InteractiveChatDiscordSrvAddon v4.2.3.0
[11:52:23] [Server thread/INFO]: [ICDiscordSrvAddon] Loaded library "bungeecord-chat-1.16-R0.4-remapped.jar"
[11:52:23] [Server thread/INFO]: [ICDiscordSrvAddon] Loaded library "eclipse-collections-11.0.0-remapped.jar"
[11:52:23] [Server thread/INFO]: [ICDiscordSrvAddon] Loaded library "eclipse-collections-api-11.0.0-remapped.jar"
[11:52:23] [Server thread/INFO]: [ICDiscordSrvAddon] Loaded library "eclipse-collections-forkjoin-11.0.0-remapped.jar"
[11:52:23] [Server thread/INFO]: [ICDiscordSrvAddon] Loaded library "elsa-3.0.0-M5-remapped.jar"
[11:52:23] [Server thread/INFO]: [ICDiscordSrvAddon] Loaded library "fastutil-8.5.9-remapped.jar"
[11:52:23] [Server thread/INFO]: [ICDiscordSrvAddon] Loaded library "fest-reflect-1.4.1-remapped.jar"
[11:52:23] [Server thread/INFO]: [ICDiscordSrvAddon] Loaded library "icu4j-71.1-remapped.jar"
[11:52:23] [Server thread/INFO]: [ICDiscordSrvAddon] Loaded library "kotlin-stdlib-1.6.21-remapped.jar"
[11:52:23] [Server thread/INFO]: [ICDiscordSrvAddon] Loaded library "lz4-1.3.0-remapped.jar"
[11:52:23] [Server thread/INFO]: [ICDiscordSrvAddon] Loaded library "mapdb-3.0.8-remapped.jar"
[11:52:24] [Server thread/INFO]: [InteractiveChat] Loading languages...
[11:52:24] [Server thread/INFO]: [DiscordSRV] API listener com.loohp.interactivechatdiscordsrvaddon.listeners.DiscordReadyEvents 已訂閱 (1 種方案)
[11:52:24] [Server thread/INFO]: [DiscordSRV] API listener com.loohp.interactivechatdiscordsrvaddon.listeners.OutboundToDiscordEvents 已訂閱 (6 種方案)
[11:52:24] [Server thread/INFO]: [DiscordSRV] API listener com.loohp.interactivechatdiscordsrvaddon.listeners.InboundToGameEvents 已訂閱 (3 種方案)
[11:52:24] [Server thread/INFO]: [ICDiscordSrvAddon] InteractiveChat DiscordSRV Addon has been Enabled!
[11:52:25] [Server thread/INFO]: [PlaceholderAPI] Placeholder expansion registration initializing...
[11:52:25] [Server thread/INFO]: Running delayed init tasks
[11:52:25] [Server thread/INFO]: [ViaVersion] ViaVersion detected server version: 1.19.1 (760)
[11:52:25] [Craft Scheduler Thread - 7 - InteractiveChat/INFO]: [InteractiveChat] Unable to setup languages
[11:52:25] [Craft Scheduler Thread - 9 - InteractiveChat/INFO]: [InteractiveChat] Loading languages...
[11:52:25] [Craft Scheduler Thread - 7 - InteractiveChat/WARN]: Unexpected character ( ) at position 0.
[11:52:25] [Craft Scheduler Thread - 7 - InteractiveChat/WARN]: 	at InteractiveChat-4.2.3.0.jar//com.loohp.interactivechat.libs.org.json.simple.parser.Yylex.yylex(Yylex.java:610)
[11:52:25] [Craft Scheduler Thread - 7 - InteractiveChat/WARN]: 	at InteractiveChat-4.2.3.0.jar//com.loohp.interactivechat.libs.org.json.simple.parser.JSONParser.nextToken(JSONParser.java:269)
[11:52:25] [Craft Scheduler Thread - 7 - InteractiveChat/WARN]: 	at InteractiveChat-4.2.3.0.jar//com.loohp.interactivechat.libs.org.json.simple.parser.JSONParser.parse(JSONParser.java:118)
[11:52:25] [Craft Scheduler Thread - 7 - InteractiveChat/WARN]: 	at InteractiveChat-4.2.3.0.jar//com.loohp.interactivechat.libs.org.json.simple.parser.JSONParser.parse(JSONParser.java:92)
[11:52:25] [Craft Scheduler Thread - 7 - InteractiveChat/WARN]: 	at InteractiveChat-4.2.3.0.jar//com.loohp.interactivechat.utils.LanguageUtils.lambda$loadTranslations$3(LanguageUtils.java:114)
[11:52:25] [Craft Scheduler Thread - 7 - InteractiveChat/WARN]: 	at org.bukkit.craftbukkit.v1_19_R1.scheduler.CraftTask.run(CraftTask.java:101)
[11:52:25] [Craft Scheduler Thread - 7 - InteractiveChat/WARN]: 	at org.bukkit.craftbukkit.v1_19_R1.scheduler.CraftAsyncTask.run(CraftAsyncTask.java:57)
[11:52:25] [Craft Scheduler Thread - 7 - InteractiveChat/WARN]: 	at com.destroystokyo.paper.ServerSchedulerReportingWrapper.run(ServerSchedulerReportingWrapper.java:22)
[11:52:25] [Craft Scheduler Thread - 7 - InteractiveChat/WARN]: 	at java.base/java.util.concurrent.ThreadPoolExecutor.runWorker(ThreadPoolExecutor.java:1136)
[11:52:25] [Craft Scheduler Thread - 7 - InteractiveChat/WARN]: 	at java.base/java.util.concurrent.ThreadPoolExecutor$Worker.run(ThreadPoolExecutor.java:635)
[11:52:25] [Craft Scheduler Thread - 7 - InteractiveChat/WARN]: 	at java.base/java.lang.Thread.run(Thread.java:833)
[11:52:25] [Craft Scheduler Thread - 16 - Vault/INFO]: [Vault] Checking for Updates ... 
[11:52:25] [Server thread/ERROR]: [ViaVersion] ************************************************
[11:52:25] [Server thread/ERROR]: [ViaVersion] You are using unsupported software and may encounter unforeseeable issues.
[11:52:25] [Server thread/ERROR]: [ViaVersion] 
[11:52:25] [Server thread/ERROR]: [ViaVersion] We strongly advise against using software to mess with message signing:
[11:52:25] [Server thread/ERROR]: [ViaVersion] Instead of doing the obvious (or nothing at all), these kinds of plugins completely break chat message handling, usually then also breaking other plugins.
[11:52:25] [Server thread/ERROR]: [ViaVersion] 
[11:52:25] [Server thread/ERROR]: [ViaVersion] We will not provide support in case you encounter issues possibly related to this software.
[11:52:25] [Server thread/ERROR]: [ViaVersion] ************************************************
[11:52:25] [Server thread/INFO]: [DiscordSRV] Disabling DiscordSRV v1.26.0-SNAPSHOT
[11:52:25] [DiscordSRV - Shutdown/INFO]: [DiscordSRV] 伺服器已關閉，耗時41ms
[11:52:25] [Server thread/INFO]: [PlaceholderAPI] Successfully registered expansion: player [2.0.3]
[11:52:25] [Server thread/INFO]: 1 placeholder hook(s) registered!
[11:52:25] [Server thread/INFO]: [ViaVersion] Finished mapping loading, shutting down loader executor!
[11:52:25] [Server thread/INFO]: Done (32.811s)! For help, type "help"
[11:52:25] [Server thread/INFO]: Timings Reset
[11:52:25] [Craft Scheduler Thread - 9 - InteractiveChat/INFO]: [InteractiveChat] Unable to setup languages
[11:52:25] [Craft Scheduler Thread - 9 - InteractiveChat/WARN]: Unexpected character ( ) at position 0.
[11:52:25] [Craft Scheduler Thread - 9 - InteractiveChat/WARN]: 	at InteractiveChat-4.2.3.0.jar//com.loohp.interactivechat.libs.org.json.simple.parser.Yylex.yylex(Yylex.java:610)
[11:52:25] [Craft Scheduler Thread - 9 - InteractiveChat/WARN]: 	at InteractiveChat-4.2.3.0.jar//com.loohp.interactivechat.libs.org.json.simple.parser.JSONParser.nextToken(JSONParser.java:269)
[11:52:25] [Craft Scheduler Thread - 9 - InteractiveChat/WARN]: 	at InteractiveChat-4.2.3.0.jar//com.loohp.interactivechat.libs.org.json.simple.parser.JSONParser.parse(JSONParser.java:118)
[11:52:25] [Craft Scheduler Thread - 9 - InteractiveChat/WARN]: 	at InteractiveChat-4.2.3.0.jar//com.loohp.interactivechat.libs.org.json.simple.parser.JSONParser.parse(JSONParser.java:92)
[11:52:25] [Craft Scheduler Thread - 9 - InteractiveChat/WARN]: 	at InteractiveChat-4.2.3.0.jar//com.loohp.interactivechat.utils.LanguageUtils.lambda$loadTranslations$3(LanguageUtils.java:114)
[11:52:25] [Craft Scheduler Thread - 9 - InteractiveChat/WARN]: 	at org.bukkit.craftbukkit.v1_19_R1.scheduler.CraftTask.run(CraftTask.java:101)
[11:52:25] [Craft Scheduler Thread - 9 - InteractiveChat/WARN]: 	at org.bukkit.craftbukkit.v1_19_R1.scheduler.CraftAsyncTask.run(CraftAsyncTask.java:57)
[11:52:25] [Craft Scheduler Thread - 9 - InteractiveChat/WARN]: 	at com.destroystokyo.paper.ServerSchedulerReportingWrapper.run(ServerSchedulerReportingWrapper.java:22)
[11:52:25] [Craft Scheduler Thread - 9 - InteractiveChat/WARN]: 	at java.base/java.util.concurrent.ThreadPoolExecutor.runWorker(ThreadPoolExecutor.java:1136)
[11:52:25] [Craft Scheduler Thread - 9 - InteractiveChat/WARN]: 	at java.base/java.util.concurrent.ThreadPoolExecutor$Worker.run(ThreadPoolExecutor.java:635)
[11:52:25] [Craft Scheduler Thread - 9 - InteractiveChat/WARN]: 	at java.base/java.lang.Thread.run(Thread.java:833)
[11:52:25] [Server thread/INFO]: Stopping the server
[11:52:25] [Craft Scheduler Thread - 16 - Vault/INFO]: [Vault] No new version available
[11:52:25] [Server thread/INFO]: Stopping server
[11:52:25] [Server thread/INFO]: [InteractiveChatDiscordSRVAddon] Disabling InteractiveChatDiscordSrvAddon v4.2.3.0
[11:52:25] [Craft Scheduler Thread - 6 - SkinsRestorer/INFO]: [33;1m[[32;22mSkinsRestorer[33;1m] [0;39m[32;1m----------------------------------------------[0;39m
[11:52:25] [Craft Scheduler Thread - 6 - SkinsRestorer/INFO]: [33;1m[[32;22mSkinsRestorer[33;1m] [0;39m[32;1m    +==================+[0;39m
[11:52:25] [Craft Scheduler Thread - 6 - SkinsRestorer/INFO]: [33;1m[[32;22mSkinsRestorer[33;1m] [0;39m[32;1m    |   SkinsRestorer  |[0;39m
[11:52:25] [Craft Scheduler Thread - 6 - SkinsRestorer/INFO]: [33;1m[[32;22mSkinsRestorer[33;1m] [0;39m[32;1m    |------------------|[0;39m
[11:52:25] [Craft Scheduler Thread - 6 - SkinsRestorer/INFO]: [33;1m[[32;22mSkinsRestorer[33;1m] [0;39m[32;1m    |  [34;1m[4m[21mStandalone Mode[0;39m[32;1m |[0;39m
[11:52:25] [Craft Scheduler Thread - 6 - SkinsRestorer/INFO]: [33;1m[[32;22mSkinsRestorer[33;1m] [0;39m[32;1m    +==================+[0;39m
[11:52:25] [Craft Scheduler Thread - 6 - SkinsRestorer/INFO]: [33;1m[[32;22mSkinsRestorer[33;1m] [0;39m[32;1m----------------------------------------------[0;39m
[11:52:25] [Craft Scheduler Thread - 6 - SkinsRestorer/INFO]: [33;1m[[32;22mSkinsRestorer[33;1m] [0;39m[36;1m    Current version: [32;1m14.2.8[0;39m
[11:52:25] [Craft Scheduler Thread - 6 - SkinsRestorer/INFO]: [33;1m[[32;22mSkinsRestorer[33;1m] [0;39m[32;1m    This is the latest version![0;39m
[11:52:25] [Craft Scheduler Thread - 6 - SkinsRestorer/INFO]: [33;1m[[32;22mSkinsRestorer[33;1m] [0;39m[32;1m----------------------------------------------[0;39m
[11:52:25] [Server thread/ERROR]: Error occurred while disabling InteractiveChatDiscordSrvAddon v4.2.3.0 (Is it up to date?)
java.lang.NoClassDefFoundError: github/scarsz/discordsrv/dependencies/jda/api/hooks/ListenerAdapter
	at java.lang.ClassLoader.defineClass1(Native Method) ~[?:?]
	at java.lang.ClassLoader.defineClass(ClassLoader.java:1013) ~[?:?]
	at java.security.SecureClassLoader.defineClass(SecureClassLoader.java:150) ~[?:?]
	at org.bukkit.plugin.java.PluginClassLoader.findClass(PluginClassLoader.java:197) ~[paper-api-1.19.2-R0.1-SNAPSHOT.jar:?]
	at java.lang.ClassLoader.loadClass(ClassLoader.java:588) ~[?:?]
	at org.bukkit.plugin.java.PluginClassLoader.loadClass0(PluginClassLoader.java:108) ~[paper-api-1.19.2-R0.1-SNAPSHOT.jar:?]
	at org.bukkit.plugin.java.PluginClassLoader.loadClass(PluginClassLoader.java:103) ~[paper-api-1.19.2-R0.1-SNAPSHOT.jar:?]
	at java.lang.ClassLoader.loadClass(ClassLoader.java:521) ~[?:?]
	at com.loohp.interactivechatdiscordsrvaddon.InteractiveChatDiscordSrvAddon.onDisable(InteractiveChatDiscordSrvAddon.java:363) ~[InteractiveChatDiscordSrvAddon-4.2.3.0.jar:?]
	at org.bukkit.plugin.java.JavaPlugin.setEnabled(JavaPlugin.java:266) ~[paper-api-1.19.2-R0.1-SNAPSHOT.jar:?]
	at org.bukkit.plugin.java.JavaPluginLoader.disablePlugin(JavaPluginLoader.java:399) ~[paper-api-1.19.2-R0.1-SNAPSHOT.jar:?]
	at org.bukkit.plugin.SimplePluginManager.disablePlugin(SimplePluginManager.java:579) ~[paper-api-1.19.2-R0.1-SNAPSHOT.jar:?]
	at org.bukkit.plugin.SimplePluginManager.disablePlugins(SimplePluginManager.java:556) ~[paper-api-1.19.2-R0.1-SNAPSHOT.jar:?]
	at org.bukkit.craftbukkit.v1_19_R1.CraftServer.disablePlugins(CraftServer.java:499) ~[paper-1.19.2.jar:git-Paper-131]
	at net.minecraft.server.MinecraftServer.stopServer(MinecraftServer.java:933) ~[paper-1.19.2.jar:git-Paper-131]
	at net.minecraft.server.dedicated.DedicatedServer.stopServer(DedicatedServer.java:781) ~[paper-1.19.2.jar:git-Paper-131]
	at net.minecraft.server.MinecraftServer.runServer(MinecraftServer.java:1231) ~[paper-1.19.2.jar:git-Paper-131]
	at net.minecraft.server.MinecraftServer.lambda$spin$0(MinecraftServer.java:305) ~[paper-1.19.2.jar:git-Paper-131]
	at java.lang.Thread.run(Thread.java:833) ~[?:?]
Caused by: java.lang.ClassNotFoundException: github.scarsz.discordsrv.dependencies.jda.api.hooks.ListenerAdapter
	at org.bukkit.plugin.java.PluginClassLoader.loadClass0(PluginClassLoader.java:151) ~[paper-api-1.19.2-R0.1-SNAPSHOT.jar:?]
	at org.bukkit.plugin.java.PluginClassLoader.loadClass(PluginClassLoader.java:103) ~[paper-api-1.19.2-R0.1-SNAPSHOT.jar:?]
	at java.lang.ClassLoader.loadClass(ClassLoader.java:521) ~[?:?]
	... 19 more
[11:52:25] [Server thread/INFO]: [Geyser-Spigot] Disabling Geyser-Spigot v2.0.6-SNAPSHOT
[11:52:25] [Server thread/INFO]: [Geyser-Spigot] 正在關閉 Geyser。
[11:52:25] [Server thread/INFO]: [Geyser-Spigot] Geyser 成功關閉。
[11:52:25] [Server thread/INFO]: [InteractiveChat] Disabling InteractiveChat v4.2.3.0
[11:52:25] [Server thread/INFO]: [PlaceholderAPI] Unregistered placeholder expansion interactivechat
[11:52:25] [Server thread/INFO]: [PlaceholderAPI] Reason: required plugin InteractiveChat was disabled.
[11:52:25] [Server thread/INFO]: [InteractiveChat] InteractiveChat has been Disabled!
[11:52:25] [Server thread/INFO]: [WorldEdit] Disabling WorldEdit v7.2.12+6240-87f4ae1
[11:52:25] [Server thread/INFO]: Unregistering com.sk89q.worldedit.bukkit.BukkitServerInterface from WorldEdit
[11:52:25] [Server thread/INFO]: [SkinsRestorer] Disabling SkinsRestorer v14.2.8
[11:52:25] [Server thread/INFO]: [ProtocolLib] Disabling ProtocolLib v5.0.0-SNAPSHOT-b598
[11:52:25] [Server thread/INFO]: [ViaBackwards] Disabling ViaBackwards v4.4.1
[11:52:25] [Server thread/INFO]: [Vault] Disabling Vault v1.7.3-b131
[11:52:25] [Server thread/INFO]: [floodgate] Disabling floodgate v2.2.0-SNAPSHOT (b70-6e2c19f)
[11:52:25] [Server thread/INFO]: [ViaVersion] Disabling ViaVersion v4.4.1
[11:52:25] [Server thread/INFO]: [ViaVersion] ViaVersion is disabling, if this is a reload and you experience issues consider rebooting.
[11:52:25] [Server thread/INFO]: [NoEncryption] Disabling NoEncryption v4.2
[11:52:25] [Server thread/INFO]: [PlaceholderAPI] Disabling PlaceholderAPI v2.11.2
[11:52:25] [WebSocketConnectReadThread-85/INFO]: [Geyser-Spigot] The skin uploader has been closed
[11:52:26] [Craft Scheduler Thread - 15 - InteractiveChatDiscordSrvAddon/INFO]: [ICDiscordSrvAddon] Checking for server resource pack...
[11:52:26] [Craft Scheduler Thread - 15 - InteractiveChatDiscordSrvAddon/WARN]: [InteractiveChatDiscordSRVAddon] Plugin InteractiveChatDiscordSrvAddon v4.2.3.0 generated an exception while executing task 28
java.lang.IllegalStateException: zip file closed
	at java.util.zip.ZipFile.ensureOpen(ZipFile.java:831) ~[?:?]
	at java.util.zip.ZipFile.getEntry(ZipFile.java:330) ~[?:?]
	at java.util.jar.JarFile.getEntry(JarFile.java:518) ~[?:?]
	at java.util.jar.JarFile.getJarEntry(JarFile.java:473) ~[?:?]
	at org.bukkit.plugin.java.PluginClassLoader.findClass(PluginClassLoader.java:163) ~[paper-api-1.19.2-R0.1-SNAPSHOT.jar:?]
	at java.lang.ClassLoader.loadClass(ClassLoader.java:588) ~[?:?]
	at org.bukkit.plugin.java.PluginClassLoader.loadClass0(PluginClassLoader.java:108) ~[paper-api-1.19.2-R0.1-SNAPSHOT.jar:?]
	at org.bukkit.plugin.java.PluginClassLoader.loadClass(PluginClassLoader.java:103) ~[paper-api-1.19.2-R0.1-SNAPSHOT.jar:?]
	at java.lang.ClassLoader.loadClass(ClassLoader.java:521) ~[?:?]
	at com.loohp.interactivechatdiscordsrvaddon.AssetsDownloader.downloadServerResourcePack(AssetsDownloader.java:172) ~[InteractiveChatDiscordSrvAddon-4.2.3.0.jar:?]
	at com.loohp.interactivechatdiscordsrvaddon.InteractiveChatDiscordSrvAddon.lambda$reloadTextures$15(InteractiveChatDiscordSrvAddon.java:583) ~[InteractiveChatDiscordSrvAddon-4.2.3.0.jar:?]
	at org.bukkit.craftbukkit.v1_19_R1.scheduler.CraftTask.run(CraftTask.java:101) ~[paper-1.19.2.jar:git-Paper-131]
	at org.bukkit.craftbukkit.v1_19_R1.scheduler.CraftAsyncTask.run(CraftAsyncTask.java:57) ~[paper-1.19.2.jar:git-Paper-131]
	at com.destroystokyo.paper.ServerSchedulerReportingWrapper.run(ServerSchedulerReportingWrapper.java:22) ~[paper-1.19.2.jar:?]
	at java.util.concurrent.ThreadPoolExecutor.runWorker(ThreadPoolExecutor.java:1136) ~[?:?]
	at java.util.concurrent.ThreadPoolExecutor$Worker.run(ThreadPoolExecutor.java:635) ~[?:?]
	at java.lang.Thread.run(Thread.java:833) ~[?:?]
[11:52:26] [Craft Scheduler Thread - 8 - SkinsRestorer/WARN]: [SkinsRestorer] Plugin SkinsRestorer v14.2.8 generated an exception while executing task 15
java.lang.IllegalStateException: zip file closed
	at java.util.zip.ZipFile.ensureOpen(ZipFile.java:831) ~[?:?]
	at java.util.zip.ZipFile.getEntry(ZipFile.java:330) ~[?:?]
	at java.util.jar.JarFile.getEntry(JarFile.java:518) ~[?:?]
	at java.util.jar.JarFile.getJarEntry(JarFile.java:473) ~[?:?]
	at org.bukkit.plugin.java.PluginClassLoader.findClass(PluginClassLoader.java:163) ~[paper-api-1.19.2-R0.1-SNAPSHOT.jar:?]
	at java.lang.ClassLoader.loadClass(ClassLoader.java:588) ~[?:?]
	at org.bukkit.plugin.java.PluginClassLoader.loadClass0(PluginClassLoader.java:108) ~[paper-api-1.19.2-R0.1-SNAPSHOT.jar:?]
	at org.bukkit.plugin.java.PluginClassLoader.loadClass(PluginClassLoader.java:103) ~[paper-api-1.19.2-R0.1-SNAPSHOT.jar:?]
	at java.lang.ClassLoader.loadClass(ClassLoader.java:521) ~[?:?]
	at net.skinsrestorer.shared.utils.connections.MojangAPI.readURL(MojangAPI.java:285) ~[SkinsRestorer_20220819_011342423.jar:?]
	at net.skinsrestorer.shared.utils.connections.MojangAPI.readURL(MojangAPI.java:271) ~[SkinsRestorer_20220819_011342423.jar:?]
	at net.skinsrestorer.shared.utils.connections.MojangAPI.getUUIDAshcon(MojangAPI.java:135) ~[SkinsRestorer_20220819_011342423.jar:?]
	at net.skinsrestorer.shared.utils.connections.ServiceChecker.checkServices(ServiceChecker.java:47) ~[SkinsRestorer_20220819_011342423.jar:?]
	at net.skinsrestorer.shared.utils.SharedMethods.runServiceCheck(SharedMethods.java:55) ~[SkinsRestorer_20220819_011342423.jar:?]
	at net.skinsrestorer.bukkit.SkinsRestorerBukkit.lambda$pluginStartup$7(SkinsRestorerBukkit.java:258) ~[SkinsRestorer_20220819_011342423.jar:?]
	at org.bukkit.craftbukkit.v1_19_R1.scheduler.CraftTask.run(CraftTask.java:101) ~[paper-1.19.2.jar:git-Paper-131]
	at org.bukkit.craftbukkit.v1_19_R1.scheduler.CraftAsyncTask.run(CraftAsyncTask.java:57) ~[paper-1.19.2.jar:git-Paper-131]
	at com.destroystokyo.paper.ServerSchedulerReportingWrapper.run(ServerSchedulerReportingWrapper.java:22) ~[paper-1.19.2.jar:?]
	at java.util.concurrent.ThreadPoolExecutor.runWorker(ThreadPoolExecutor.java:1136) ~[?:?]
	at java.util.concurrent.ThreadPoolExecutor$Worker.run(ThreadPoolExecutor.java:635) ~[?:?]
	at java.lang.Thread.run(Thread.java:833) ~[?:?]
[11:52:26] [Server thread/INFO]: Saving players
[11:52:26] [Server thread/INFO]: Saving worlds
[11:52:28] [Server thread/INFO]: Saving chunks for level 'ServerLevel[world]'/minecraft:overworld
[11:52:29] [Server thread/INFO]: Saving chunks for level 'ServerLevel[world_nether]'/minecraft:the_nether
[11:52:29] [Server thread/INFO]: Saving chunks for level 'ServerLevel[world_the_end]'/minecraft:the_end
[11:52:29] [Server thread/INFO]: ThreadedAnvilChunkStorage (world): All chunks are saved
[11:52:29] [Server thread/INFO]: ThreadedAnvilChunkStorage (DIM-1): All chunks are saved
[11:52:29] [Server thread/INFO]: ThreadedAnvilChunkStorage (DIM1): All chunks are saved
[11:52:29] [Server thread/INFO]: ThreadedAnvilChunkStorage: All dimensions are saved
[11:52:29] [Server thread/INFO]: Flushing Chunk IO
[11:52:29] [Server thread/INFO]: Closing Thread Pool
[11:52:29] [Server thread/INFO]: Closing Server
